object_detection/build/app/intermediates/manifest_merge_blame_file/release/manifest-merger-blame-release-report.txt
1<?xml version="1.0" encoding="utf-8"?>
2<manifest xmlns:android="http://schemas.android.com/apk/res/android"
3    package="com.toe.object_detection"
4    android:versionCode="1"
5    android:versionName="1.0.0" >
6
7    <uses-sdk
8        android:minSdkVersion="21"
8-->src/main/AndroidManifest.xml
9        android:targetSdkVersion="28" />
9-->src/main/AndroidManifest.xml
10
11    <uses-permission android:name="android.permission.CAMERA" />
11-->[:camera] AndroidManifest.xml:7:5-65
11-->[:camera] AndroidManifest.xml:7:22-62
12    <uses-permission android:name="android.permission.RECORD_AUDIO" />
12-->[:camera] AndroidManifest.xml:8:5-71
12-->[:camera] AndroidManifest.xml:8:22-68
13    <!--
14 io.flutter.app.FlutterApplication is an android.app.Application that
15         calls FlutterMain.startInitialization(this); in its onCreate method.
16         In most cases you can leave this as-is, but you if you want to provide
17         additional functionality it is fine to subclass or reimplement
18         FlutterApplication and put your custom class here.
19    -->
20    <application
20-->src/main/AndroidManifest.xml:8:5-29:19
21        android:name="io.flutter.app.FlutterApplication"
21-->src/main/AndroidManifest.xml:9:9-57
22        android:appComponentFactory="androidx.core.app.CoreComponentFactory"
22-->[androidx.core:core:1.0.0] AndroidManifest.xml:22:18-86
23        android:icon="@mipmap/ic_launcher"
23-->src/main/AndroidManifest.xml:11:9-43
24        android:label="ObjecToe" >
24-->src/main/AndroidManifest.xml:10:9-33
25        <activity
25-->src/main/AndroidManifest.xml:12:9-23:20
26            android:name="com.toe.object_detection.MainActivity"
26-->src/main/AndroidManifest.xml:13:13-41
27            android:configChanges="orientation|keyboardHidden|keyboard|screenSize|smallestScreenSize|locale|layoutDirection|fontScale|screenLayout|density|uiMode"
27-->src/main/AndroidManifest.xml:16:13-163
28            android:hardwareAccelerated="true"
28-->src/main/AndroidManifest.xml:17:13-47
29            android:launchMode="singleTop"
29-->src/main/AndroidManifest.xml:14:13-43
30            android:theme="@style/LaunchTheme"
30-->src/main/AndroidManifest.xml:15:13-47
31            android:windowSoftInputMode="adjustResize" >
31-->src/main/AndroidManifest.xml:18:13-55
32            <intent-filter>
32-->src/main/AndroidManifest.xml:19:13-22:29
33                <action android:name="android.intent.action.MAIN" />
33-->src/main/AndroidManifest.xml:20:17-68
33-->src/main/AndroidManifest.xml:20:25-66
34
35                <category android:name="android.intent.category.LAUNCHER" />
35-->src/main/AndroidManifest.xml:21:17-76
35-->src/main/AndroidManifest.xml:21:27-74
36            </intent-filter>
37        </activity>
38        <!--
39             Don't delete the meta-data below.
40             This is used by the Flutter tool to generate GeneratedPluginRegistrant.java
41        -->
42        <meta-data
42-->src/main/AndroidManifest.xml:26:9-28:33
43            android:name="flutterEmbedding"
43-->src/main/AndroidManifest.xml:27:13-44
44            android:value="2" />
44-->src/main/AndroidManifest.xml:28:13-30
45
46        <activity
46-->[:url_launcher] AndroidManifest.xml:8:9-11:74
47            android:name="io.flutter.plugins.urllauncher.WebViewActivity"
47-->[:url_launcher] AndroidManifest.xml:9:13-74
48            android:exported="false"
48-->[:url_launcher] AndroidManifest.xml:10:13-37
49            android:theme="@android:style/Theme.NoTitleBar.Fullscreen" />
49-->[:url_launcher] AndroidManifest.xml:11:13-71
50    </application>
51
52</manifest>